<?xml version="1.0" encoding="UTF-8"?>
<!-- Generated by org.testng.reporters.JUnitReportReporter -->
<testsuite hostname="Akashs-MacBook-Air.local" failures="0" tests="5" name="testCases.TC_3_TestingLogin_DDT" time="50.553" errors="0" timestamp="2024-06-13T20:15:06 IST" skipped="0">
  <testcase classname="testCases.TC_3_TestingLogin_DDT" name="testingLoginDDT" time="12.230"/>
  <testcase classname="testCases.TC_3_TestingLogin_DDT" name="testingLoginDDT" time="12.199"/>
  <testcase classname="testCases.TC_3_TestingLogin_DDT" name="testingLoginDDT" time="6.099"/>
  <testcase classname="testCases.TC_3_TestingLogin_DDT" name="testingLoginDDT" time="4.054"/>
  <testcase classname="testCases.TC_3_TestingLogin_DDT" name="testingLoginDDT" time="15.971"/>
</testsuite> <!-- testCases.TC_3_TestingLogin_DDT -->
