<?xml version="1.0" encoding="UTF-8"?>
<!-- Generated by org.testng.reporters.JUnitReportReporter -->
<testsuite hostname="Akashs-MacBook-Air.local" failures="0" tests="1" name="testCases.TC002_TestingLoginWithInvalidInputs" time="6.474" errors="0" timestamp="2024-06-12T19:54:11 IST" skipped="0">
  <testcase classname="testCases.TC002_TestingLoginWithInvalidInputs" name="testingLoginWithInvalidInputs" time="6.474"/>
</testsuite> <!-- testCases.TC002_TestingLoginWithInvalidInputs -->
