<?xml version="1.0" encoding="UTF-8"?>
<!-- Generated by org.testng.reporters.JUnitReportReporter -->
<testsuite hostname="Akashs-MacBook-Air.local" failures="0" tests="1" name="testCases.TC_2_TestingLoginWithInvalidInputs" time="3.008" errors="0" timestamp="2024-06-20T11:44:19 IST" skipped="0">
  <testcase classname="testCases.TC_2_TestingLoginWithInvalidInputs" name="testingLoginWithInvalidInputs" time="3.008"/>
</testsuite> <!-- testCases.TC_2_TestingLoginWithInvalidInputs -->
