<?xml version="1.0" encoding="UTF-8"?>
<!-- Generated by org.testng.reporters.JUnitReportReporter -->
<testsuite hostname="Akashs-MacBook-Air.local" failures="0" tests="1" name="testCases.TC_2_TestingLoginWithInvalidInputs" time="2.707" errors="0" timestamp="2024-06-20T11:46:42 IST" skipped="0">
  <testcase classname="testCases.TC_2_TestingLoginWithInvalidInputs" name="testingLoginWithInvalidInputs" time="2.707"/>
</testsuite> <!-- testCases.TC_2_TestingLoginWithInvalidInputs -->
